nim_demo/rtskit/build/outputs/logs/manifest-merger-debug-report.txt
-- Merging decision tree log ---
manifest
ADDED from src\main\AndroidManifest.xml:1:1-25:12
INJECTED from src\main\AndroidManifest.xml:1:1-25:12
INJECTED from src\main\AndroidManifest.xml:1:1-25:12
INJECTED from src\main\AndroidManifest.xml:1:1-25:12
INJECTED from src\main\AndroidManifest.xml:1:1-25:12
INJECTED from src\main\AndroidManifest.xml:1:1-25:12
INJECTED from src\main\AndroidManifest.xml:1:1-25:12
	package
		ADDED from src\main\AndroidManifest.xml:2:5-37
		INJECTED from src\main\AndroidManifest.xml
		INJECTED from src\main\AndroidManifest.xml
	android:versionName
		INJECTED from src\main\AndroidManifest.xml
		ADDED from src\main\AndroidManifest.xml:1:1-25:12
		INJECTED from src\main\AndroidManifest.xml
	android:versionCode
		INJECTED from src\main\AndroidManifest.xml
		ADDED from src\main\AndroidManifest.xml:1:1-25:12
		INJECTED from src\main\AndroidManifest.xml
	xmlns:android
		ADDED from src\main\AndroidManifest.xml:1:11-69
application
ADDED from src\main\AndroidManifest.xml:5:5-24:19
activity#com.netease.nim.rtskit.activity.RTSActivity
ADDED from src\main\AndroidManifest.xml:8:9-13:63
	android:screenOrientation
		ADDED from src\main\AndroidManifest.xml:11:13-49
	android:launchMode
		ADDED from src\main\AndroidManifest.xml:10:13-48
	android:windowSoftInputMode
		ADDED from src\main\AndroidManifest.xml:13:13-60
	android:theme
		ADDED from src\main\AndroidManifest.xml:12:13-56
	android:name
		ADDED from src\main\AndroidManifest.xml:9:13-49
receiver#com.netease.nimlib.receiver.RTSBroadcastReceiver
ADDED from src\main\AndroidManifest.xml:16:9-23:20
	android:enabled
		ADDED from src\main\AndroidManifest.xml:18:13-35
	android:exported
		ADDED from src\main\AndroidManifest.xml:19:13-37
	android:name
		ADDED from src\main\AndroidManifest.xml:17:13-76
intent-filter#action:name:com.netease.nim.demo.ACTION.RECEIVE_RTS_NOTIFICATION
ADDED from src\main\AndroidManifest.xml:20:13-22:29
action#com.netease.nim.demo.ACTION.RECEIVE_RTS_NOTIFICATION
ADDED from src\main\AndroidManifest.xml:21:17-95
	android:name
		ADDED from src\main\AndroidManifest.xml:21:25-92
uses-sdk
INJECTED from src\main\AndroidManifest.xml reason: use-sdk injection requested
INJECTED from src\main\AndroidManifest.xml
INJECTED from src\main\AndroidManifest.xml
INJECTED from src\main\AndroidManifest.xml
INJECTED from src\main\AndroidManifest.xml
	android:targetSdkVersion
		INJECTED from src\main\AndroidManifest.xml
		ADDED from src\main\AndroidManifest.xml
		INJECTED from src\main\AndroidManifest.xml
	android:minSdkVersion
		INJECTED from src\main\AndroidManifest.xml
		ADDED from src\main\AndroidManifest.xml
		INJECTED from src\main\AndroidManifest.xml